Application.obj : error LNK2019: unresolved external symbol __imp_glewInit referenced in function main
Application.obj : error LNK2019: unresolved external symbol glfwInit referenced in function main
Application.obj : error LNK2019: unresolved external symbol glfwTerminate referenced in function main
Application.obj : error LNK2019: unresolved external symbol glfwCreateWindow referenced in function main
Application.obj : error LNK2019: unresolved external symbol glfwWindowShouldClose referenced in function main
Application.obj : error LNK2019: unresolved external symbol glfwPollEvents referenced in function main
Application.obj : error LNK2019: unresolved external symbol glfwMakeContextCurrent referenced in function main
Application.obj : error LNK2019: unresolved external symbol glfwSwapBuffers referenced in function main
Application.obj : error LNK2001: unresolved external symbol __imp___glewBindBuffer
Application.obj : error LNK2001: unresolved external symbol __imp___glewBufferData
Application.obj : error LNK2001: unresolved external symbol __imp___glewGenBuffers
Application.obj : error LNK2001: unresolved external symbol __imp___glewAttachShader
Application.obj : error LNK2001: unresolved external symbol __imp___glewCompileShader
Application.obj : error LNK2001: unresolved external symbol __imp___glewCreateProgram
Application.obj : error LNK2001: unresolved external symbol __imp___glewCreateShader
Application.obj : error LNK2001: unresolved external symbol __imp___glewDeleteProgram
Application.obj : error LNK2001: unresolved external symbol __imp___glewDeleteShader
Application.obj : error LNK2001: unresolved external symbol __imp___glewEnableVertexAttribArray
Application.obj : error LNK2001: unresolved external symbol __imp___glewGetShaderInfoLog
Application.obj : error LNK2001: unresolved external symbol __imp___glewGetShaderiv
Application.obj : error LNK2001: unresolved external symbol __imp___glewLinkProgram
Application.obj : error LNK2001: unresolved external symbol __imp___glewShaderSource
Application.obj : error LNK2001: unresolved external symbol __imp___glewUseProgram
Application.obj : error LNK2001: unresolved external symbol __imp___glewValidateProgram
Application.obj : error LNK2001: unresolved external symbol __imp___glewVertexAttribPointer
D:\dev\Cpp\Projects\OpenGL\Dependencies\GLEW\lib\Release\Win32\glew32s.lib : warning LNK4272: library machine type 'x86' conflicts with target machine type 'x64'
D:\dev\Cpp\Projects\OpenGL\Dependencies\GLFW\lib-vc2019\\glfw3.lib : warning LNK4272: library machine type 'x86' conflicts with target machine type 'x64'
D:\dev\Cpp\Projects\OpenGL\x64\Debug\OpenGL.exe : fatal error LNK1120: 25 unresolved externals

Project Performance Summary:
      219 ms  D:\dev\Cpp\Projects\OpenGL\OpenGL\OpenGL.vcxproj   1 calls
                219 ms  Build                                      1 calls

Target Performance Summary:
        0 ms  _BuildGenerateSourcesAction                1 calls
        0 ms  AfterBuildGenerateSourcesEvent             1 calls
        0 ms  ComputeLinkSwitches                        1 calls
        0 ms  BuildCompileTraverse                       1 calls
        0 ms  BeforeClCompile                            1 calls
        0 ms  ComputeCLInputPDBName                      1 calls
        0 ms  FindReferenceAssembliesForReferences       1 calls
        0 ms  ComputeReferenceCLInput                    1 calls
        0 ms  FixupCLCompileOptions                      1 calls
        0 ms  MakeDirsForCl                              1 calls
        0 ms  SelectClCompile                            1 calls
        0 ms  MakeDirsForLink                            1 calls
        0 ms  AfterClCompile                             1 calls
        0 ms  _ClCompile                                 1 calls
        0 ms  BeforeResourceCompile                      1 calls
        0 ms  MakeDirsForResourceCompile                 1 calls
        0 ms  AfterResourceCompile                       1 calls
        0 ms  _ResourceCompile                           1 calls
        0 ms  AssignTargetPaths                          1 calls
        0 ms  ComputeManifestInputsTargets               1 calls
        0 ms  ComputeLinkInputsFromProject               1 calls
        0 ms  ComputeCLGeneratedLinkInputs               1 calls
        0 ms  ComputeCLOutputs                           1 calls
        0 ms  ComputeManifestGeneratedLinkerInputs       1 calls
        0 ms  CreateCustomManifestResourceNames          1 calls
        0 ms  ComputeRCGeneratedLinkInputs               1 calls
        0 ms  BeforeLink                                 1 calls
        0 ms  ComputeLegacyManifestEmbedding             1 calls
        0 ms  BuildLinkTraverse                          1 calls
        0 ms  BuildCompile                               1 calls
        0 ms  _BuildCompileAction                        1 calls
        0 ms  AfterBuildCompileEvent                     1 calls
        0 ms  ComputeRCOutputs                           1 calls
        0 ms  _Midl                                      1 calls
        0 ms  AfterBuildGenerateSources                  1 calls
        0 ms  ComputeMIDLGeneratedCompileInputs          1 calls
        0 ms  _PrepareForBuild                           1 calls
        0 ms  _PrepareForReferenceResolution             1 calls
        0 ms  BeforeResolveReferences                    1 calls
        0 ms  _SplitProjectReferencesByFileExistence     1 calls
        0 ms  _GetProjectReferenceTargetFrameworkProperties   1 calls
        0 ms  PrepareProjectReferences                   1 calls
        0 ms  GetFrameworkPaths                          1 calls
        0 ms  GetReferenceAssemblyPaths                  1 calls
        0 ms  GetResolvedWinMD                           1 calls
        0 ms  _CheckWindowsSDKInstalled                  1 calls
        0 ms  SetCABuildNativeEnvironmentVariables       1 calls
        0 ms  PreLinkEvent                               1 calls
        0 ms  AfterMidl                                  1 calls
        0 ms  ExpandSDKReferences                        1 calls
        0 ms  ResolveSDKReferences                       1 calls
        0 ms  PrepareResourceNames                       1 calls
        0 ms  ResolveReferences                          1 calls
        0 ms  BuildGenerateSourcesTraverse               1 calls
        0 ms  BeforeBuildGenerateSources                 1 calls
        0 ms  MakeDirsForMidl                            1 calls
        0 ms  PreBuildEvent                              1 calls
        0 ms  _Xsd                                       1 calls
        0 ms  SelectCustomBuild                          1 calls
        0 ms  AfterResolveReferences                     1 calls
        0 ms  ComputeCustomBuildOutput                   1 calls
        1 ms  SetTelemetryEnvironmentVariables           1 calls
        1 ms  CopyFileToFolders                          1 calls
        1 ms  _SelectedFiles                             1 calls
        1 ms  AssignProjectConfiguration                 1 calls
        1 ms  ResolveProjectReferences                   1 calls
        1 ms  BuildGenerateSources                       1 calls
        1 ms  CustomBuild                                1 calls
        1 ms  WarnCompileDuplicatedFilename              1 calls
        1 ms  SplitResourcesByCulture                    1 calls
        1 ms  DoLinkOutputFilesMatch                     1 calls
        1 ms  ResolveAssemblyReferences                  1 calls
        1 ms  SetBuildDefaultEnvironmentVariables        1 calls
        1 ms  _CheckForInvalidConfigurationAndPlatform   1 calls
        2 ms  InitializeBuildStatus                      1 calls
        7 ms  PrepareForBuild                            1 calls
        8 ms  ClCompile                                  1 calls
      186 ms  Link                                       1 calls

Task Performance Summary:
        0 ms  Message                                    2 calls
        0 ms  MSBuild                                    1 calls
        0 ms  MakeDir                                    7 calls
        0 ms  CheckVCToolsetVersion                      1 calls
        0 ms  ReadLinesFromFile                          1 calls
        0 ms  AssignTargetPath                           4 calls
        0 ms  AssignCulture                              1 calls
        1 ms  WriteLinesToFile                           1 calls
        1 ms  AssignProjectConfiguration                 1 calls
        1 ms  Touch                                      1 calls
        2 ms  SetEnv                                     8 calls
        2 ms  GetOutOfDateItems                          3 calls
        8 ms  CL                                         1 calls
      186 ms  Link                                       1 calls
